[simulation_start_ts=1782373988] simulation_start start_ts=1782373988
[simulation_start_ts=1782373988] plant_spawn source=startup x=196.14 y=127.40
[simulation_start_ts=1782373988] plant_spawn source=startup x=-239.88 y=153.90
[simulation_start_ts=1782373988] plant_spawn source=startup x=138.86 y=-92.90
[simulation_start_ts=1782373988] plant_spawn source=startup x=-11.28 y=189.07
[simulation_start_ts=1782373988] plant_spawn source=startup x=-145.84 y=-137.57
[simulation_start_ts=1782373988] plant_spawn source=startup x=-253.36 y=-117.47
[simulation_start_ts=1782373988] plant_spawn source=startup x=-178.75 y=209.24
[simulation_start_ts=1782373988] plant_spawn source=startup x=-340.56 y=38.00
[simulation_start_ts=1782373988] plant_spawn source=startup x=-274.79 y=34.35
[simulation_start_ts=1782373988] plant_spawn source=startup x=-355.23 y=185.79
[simulation_start_ts=1782373988] plant_spawn source=random x=-340.40 y=-133.45
[simulation_start_ts=1782373988] plant_spawn source=random x=-107.82 y=209.38
[simulation_start_ts=1782373988] plant_spawn source=random x=-306.14 y=41.83
[simulation_start_ts=1782373988] cell_event type=plant_crowding cell=(1, 5) plants=2 penalty_per_plant=0.50 depleted_plants=0
[simulation_start_ts=1782373988] cell_event type=plant_crowding cell=(1, 5) plants=2 penalty_per_plant=0.50 depleted_plants=0
[simulation_start_ts=1782373988] cell_event type=plant_crowding cell=(1, 5) plants=2 penalty_per_plant=0.50 depleted_plants=0
[simulation_start_ts=1782373988] cell_event type=plant_crowding cell=(1, 5) plants=2 penalty_per_plant=0.50 depleted_plants=0
[simulation_start_ts=1782373988] cell_event type=plant_crowding cell=(1, 5) plants=2 penalty_per_plant=0.50 depleted_plants=0
[simulation_start_ts=1782373988] cell_event type=plant_crowding cell=(1, 5) plants=2 penalty_per_plant=0.50 depleted_plants=0
[simulation_start_ts=1782373988] cell_event type=plant_crowding cell=(1, 5) plants=2 penalty_per_plant=0.50 depleted_plants=0
[simulation_start_ts=1782373988] cell_event type=plant_crowding cell=(1, 5) plants=2 penalty_per_plant=0.50 depleted_plants=0
[simulation_start_ts=1782373988] cell_event type=plant_crowding cell=(1, 5) plants=2 penalty_per_plant=0.50 depleted_plants=0
[simulation_start_ts=1782373988] cell_event type=plant_crowding cell=(1, 5) plants=2 penalty_per_plant=0.50 depleted_plants=0
[simulation_start_ts=1782373988] cell_event type=plant_crowding cell=(1, 5) plants=2 penalty_per_plant=0.50 depleted_plants=0
[simulation_start_ts=1782373988] cell_event type=plant_crowding cell=(1, 5) plants=2 penalty_per_plant=0.50 depleted_plants=0
[simulation_start_ts=1782373988] cell_event type=plant_crowding cell=(1, 5) plants=2 penalty_per_plant=0.50 depleted_plants=0
[simulation_start_ts=1782373988] plant_spawn source=random x=-24.04 y=-174.14
[simulation_start_ts=1782373988] cell_event type=plant_crowding cell=(1, 5) plants=2 penalty_per_plant=0.50 depleted_plants=0
[simulation_start_ts=1782373988] cell_event type=plant_crowding cell=(1, 5) plants=2 penalty_per_plant=0.50 depleted_plants=0
[simulation_start_ts=1782373988] cell_event type=plant_crowding cell=(1, 5) plants=2 penalty_per_plant=0.50 depleted_plants=0
[simulation_start_ts=1782373988] cell_event type=plant_crowding cell=(1, 5) plants=2 penalty_per_plant=0.50 depleted_plants=0
[simulation_start_ts=1782373988] cell_event type=plant_crowding cell=(1, 5) plants=2 penalty_per_plant=0.50 depleted_plants=0
[simulation_start_ts=1782373988] cell_event type=plant_crowding cell=(1, 5) plants=2 penalty_per_plant=0.50 depleted_plants=0
[simulation_start_ts=1782373988] cell_event type=plant_crowding cell=(1, 5) plants=2 penalty_per_plant=0.50 depleted_plants=0
[simulation_start_ts=1782373988] cell_event type=plant_crowding cell=(1, 5) plants=2 penalty_per_plant=0.50 depleted_plants=0
[simulation_start_ts=1782373988] cell_event type=plant_crowding cell=(1, 5) plants=2 penalty_per_plant=0.50 depleted_plants=0
[simulation_start_ts=1782373988] cell_event type=plant_crowding cell=(1, 5) plants=2 penalty_per_plant=0.50 depleted_plants=0
[simulation_start_ts=1782373988] cell_event type=plant_crowding cell=(1, 5) plants=2 penalty_per_plant=0.50 depleted_plants=0
[simulation_start_ts=1782373988] cell_event type=plant_crowding cell=(1, 5) plants=2 penalty_per_plant=0.50 depleted_plants=0
[simulation_start_ts=1782373988] cell_event type=plant_crowding cell=(1, 5) plants=2 penalty_per_plant=0.50 depleted_plants=0
[simulation_start_ts=1782373988] cell_event type=plant_crowding cell=(1, 5) plants=2 penalty_per_plant=0.50 depleted_plants=0
[simulation_start_ts=1782373988] cell_event type=plant_crowding cell=(1, 5) plants=2 penalty_per_plant=0.50 depleted_plants=0
[simulation_start_ts=1782373988] cell_event type=plant_crowding cell=(1, 5) plants=2 penalty_per_plant=0.50 depleted_plants=0
[simulation_start_ts=1782373988] cell_event type=plant_crowding cell=(1, 5) plants=2 penalty_per_plant=0.50 depleted_plants=0
[simulation_start_ts=1782373988] cell_event type=plant_crowding cell=(1, 5) plants=2 penalty_per_plant=0.50 depleted_plants=0
[simulation_start_ts=1782373988] cell_event type=plant_crowding cell=(1, 5) plants=2 penalty_per_plant=0.50 depleted_plants=0
[simulation_start_ts=1782373988] cell_event type=plant_crowding cell=(1, 5) plants=2 penalty_per_plant=0.50 depleted_plants=0
[simulation_start_ts=1782373988] cell_event type=plant_crowding cell=(1, 5) plants=2 penalty_per_plant=0.50 depleted_plants=0
[simulation_start_ts=1782373988] cell_event type=plant_crowding cell=(1, 5) plants=2 penalty_per_plant=0.50 depleted_plants=0
[simulation_start_ts=1782373988] cell_event type=plant_crowding cell=(1, 5) plants=2 penalty_per_plant=0.50 depleted_plants=0
[simulation_start_ts=1782373988] cell_event type=plant_crowding cell=(1, 5) plants=2 penalty_per_plant=0.50 depleted_plants=0
[simulation_start_ts=1782373988] cell_event type=plant_crowding cell=(1, 5) plants=2 penalty_per_plant=0.50 depleted_plants=0
[simulation_start_ts=1782373988] cell_event type=plant_crowding cell=(1, 5) plants=2 penalty_per_plant=0.50 depleted_plants=0
[simulation_start_ts=1782373988] cell_event type=plant_crowding cell=(1, 5) plants=2 penalty_per_plant=0.50 depleted_plants=0
[simulation_start_ts=1782373988] plant_spawn source=random x=-232.38 y=-15.22
[simulation_start_ts=1782373988] cell_event type=plant_crowding cell=(1, 5) plants=2 penalty_per_plant=0.50 depleted_plants=0
[simulation_start_ts=1782373988] cell_event type=plant_crowding cell=(1, 5) plants=2 penalty_per_plant=0.50 depleted_plants=0
[simulation_start_ts=1782373988] cell_event type=plant_crowding cell=(1, 5) plants=2 penalty_per_plant=0.50 depleted_plants=0
[simulation_start_ts=1782373988] cell_event type=plant_crowding cell=(1, 5) plants=2 penalty_per_plant=0.50 depleted_plants=0
[simulation_start_ts=1782373988] cell_event type=plant_crowding cell=(1, 5) plants=2 penalty_per_plant=0.50 depleted_plants=0
[simulation_start_ts=1782373988] cell_event type=plant_crowding cell=(1, 5) plants=2 penalty_per_plant=0.50 depleted_plants=0
[simulation_start_ts=1782373988] plant_spawn source=random x=301.67 y=115.01
[simulation_start_ts=1782373988] cell_event type=plant_crowding cell=(1, 5) plants=2 penalty_per_plant=0.50 depleted_plants=0
[simulation_start_ts=1782373988] cell_event type=plant_crowding cell=(1, 5) plants=2 penalty_per_plant=0.50 depleted_plants=0
[simulation_start_ts=1782373988] cell_event type=plant_crowding cell=(1, 5) plants=2 penalty_per_plant=0.50 depleted_plants=0
[simulation_start_ts=1782373988] cell_event type=plant_crowding cell=(1, 5) plants=2 penalty_per_plant=0.50 depleted_plants=0
[simulation_start_ts=1782373988] cell_event type=plant_crowding cell=(1, 5) plants=2 penalty_per_plant=0.50 depleted_plants=0
[simulation_start_ts=1782373988] cell_event type=plant_crowding cell=(1, 5) plants=2 penalty_per_plant=0.50 depleted_plants=0
[simulation_start_ts=1782373988] cell_event type=plant_crowding cell=(1, 5) plants=2 penalty_per_plant=0.50 depleted_plants=0
[simulation_start_ts=1782373988] cell_event type=plant_crowding cell=(1, 5) plants=2 penalty_per_plant=0.50 depleted_plants=0
[simulation_start_ts=1782373988] cell_event type=plant_crowding cell=(1, 5) plants=2 penalty_per_plant=0.50 depleted_plants=0
[simulation_start_ts=1782373988] cell_event type=plant_crowding cell=(1, 5) plants=2 penalty_per_plant=0.50 depleted_plants=0
[simulation_start_ts=1782373988] cell_event type=plant_crowding cell=(1, 5) plants=2 penalty_per_plant=0.50 depleted_plants=0
[simulation_start_ts=1782373988] cell_event type=plant_crowding cell=(1, 5) plants=2 penalty_per_plant=0.50 depleted_plants=0
[simulation_start_ts=1782373988] cell_event type=plant_crowding cell=(1, 5) plants=2 penalty_per_plant=0.50 depleted_plants=0
[simulation_start_ts=1782373988] cell_event type=plant_crowding cell=(1, 5) plants=2 penalty_per_plant=0.50 depleted_plants=0
[simulation_start_ts=1782373988] cell_event type=plant_crowding cell=(1, 5) plants=2 penalty_per_plant=0.50 depleted_plants=0
[simulation_start_ts=1782373988] cell_event type=plant_crowding cell=(1, 5) plants=2 penalty_per_plant=0.50 depleted_plants=0
[simulation_start_ts=1782373988] cell_event type=plant_crowding cell=(1, 5) plants=2 penalty_per_plant=0.50 depleted_plants=0
[simulation_start_ts=1782373988] cell_event type=plant_crowding cell=(1, 5) plants=2 penalty_per_plant=0.50 depleted_plants=0
[simulation_start_ts=1782373988] cell_event type=plant_crowding cell=(1, 5) plants=2 penalty_per_plant=0.50 depleted_plants=0
[simulation_start_ts=1782373988] cell_event type=plant_crowding cell=(1, 5) plants=2 penalty_per_plant=0.50 depleted_plants=0
[simulation_start_ts=1782373988] cell_event type=plant_crowding cell=(1, 5) plants=2 penalty_per_plant=0.50 depleted_plants=0
[simulation_start_ts=1782373988] plant_spawn source=random x=-237.97 y=-229.51
[simulation_start_ts=1782373988] cell_event type=plant_crowding cell=(1, 5) plants=2 penalty_per_plant=0.50 depleted_plants=0
[simulation_start_ts=1782373988] cell_event type=plant_crowding cell=(1, 5) plants=2 penalty_per_plant=0.50 depleted_plants=0
[simulation_start_ts=1782373988] cell_event type=plant_crowding cell=(1, 5) plants=2 penalty_per_plant=0.50 depleted_plants=0
[simulation_start_ts=1782373988] cell_event type=plant_crowding cell=(1, 5) plants=2 penalty_per_plant=0.50 depleted_plants=0
[simulation_start_ts=1782373988] cell_event type=plant_crowding cell=(1, 5) plants=2 penalty_per_plant=0.50 depleted_plants=0
[simulation_start_ts=1782373988] cell_event type=plant_crowding cell=(1, 5) plants=2 penalty_per_plant=0.50 depleted_plants=0
[simulation_start_ts=1782373988] cell_event type=plant_crowding cell=(1, 5) plants=2 penalty_per_plant=0.50 depleted_plants=0
[simulation_start_ts=1782373988] cell_event type=feeding cell=(11, 7) animals=1 plants=1 consumed_energy=20.00 gain_per_animal=20.00 depleted_plants=0
[simulation_start_ts=1782373988] cell_event type=plant_crowding cell=(1, 5) plants=2 penalty_per_plant=0.50 depleted_plants=0
[simulation_start_ts=1782373988] cell_event type=plant_crowding cell=(1, 5) plants=2 penalty_per_plant=0.50 depleted_plants=0
[simulation_start_ts=1782373988] cell_event type=plant_crowding cell=(1, 5) plants=2 penalty_per_plant=0.50 depleted_plants=0
[simulation_start_ts=1782373988] cell_event type=plant_crowding cell=(1, 5) plants=2 penalty_per_plant=0.50 depleted_plants=0
[simulation_start_ts=1782373988] cell_event type=plant_crowding cell=(1, 5) plants=2 penalty_per_plant=0.50 depleted_plants=0
[simulation_start_ts=1782373988] cell_event type=plant_crowding cell=(1, 5) plants=2 penalty_per_plant=0.50 depleted_plants=0
[simulation_start_ts=1782373988] cell_event type=plant_crowding cell=(1, 5) plants=2 penalty_per_plant=0.50 depleted_plants=0
[simulation_start_ts=1782373988] cell_event type=plant_crowding cell=(1, 5) plants=2 penalty_per_plant=0.50 depleted_plants=0
[simulation_start_ts=1782373988] cell_event type=plant_crowding cell=(1, 5) plants=2 penalty_per_plant=0.50 depleted_plants=0
[simulation_start_ts=1782373988] cell_event type=plant_crowding cell=(1, 5) plants=2 penalty_per_plant=0.50 depleted_plants=0
[simulation_start_ts=1782373988] cell_event type=plant_crowding cell=(1, 5) plants=2 penalty_per_plant=0.50 depleted_plants=0
[simulation_start_ts=1782373988] cell_event type=plant_crowding cell=(1, 5) plants=2 penalty_per_plant=0.50 depleted_plants=0
[simulation_start_ts=1782373988] cell_event type=plant_crowding cell=(1, 5) plants=2 penalty_per_plant=0.50 depleted_plants=0
[simulation_start_ts=1782373988] cell_event type=plant_crowding cell=(1, 5) plants=2 penalty_per_plant=0.50 depleted_plants=0
[simulation_start_ts=1782373988] cell_event type=plant_crowding cell=(1, 5) plants=2 penalty_per_plant=0.50 depleted_plants=0
[simulation_start_ts=1782373988] cell_event type=plant_crowding cell=(1, 5) plants=2 penalty_per_plant=0.50 depleted_plants=0
[simulation_start_ts=1782373988] cell_event type=plant_crowding cell=(1, 5) plants=2 penalty_per_plant=0.50 depleted_plants=0
[simulation_start_ts=1782373988] cell_event type=plant_crowding cell=(1, 5) plants=2 penalty_per_plant=0.50 depleted_plants=0
[simulation_start_ts=1782373988] cell_event type=plant_crowding cell=(1, 5) plants=2 penalty_per_plant=0.50 depleted_plants=0
[simulation_start_ts=1782373988] cell_event type=plant_crowding cell=(1, 5) plants=2 penalty_per_plant=0.50 depleted_plants=0
[simulation_start_ts=1782373988] cell_event type=plant_crowding cell=(1, 5) plants=2 penalty_per_plant=0.50 depleted_plants=0
[simulation_start_ts=1782373988] cell_event type=plant_crowding cell=(1, 5) plants=2 penalty_per_plant=0.50 depleted_plants=0
[simulation_start_ts=1782373988] cell_event type=plant_crowding cell=(1, 5) plants=2 penalty_per_plant=0.50 depleted_plants=0
[simulation_start_ts=1782373988] cell_event type=plant_crowding cell=(1, 5) plants=2 penalty_per_plant=0.50 depleted_plants=0
[simulation_start_ts=1782373988] cell_event type=plant_crowding cell=(1, 5) plants=2 penalty_per_plant=0.50 depleted_plants=0
[simulation_start_ts=1782373988] cell_event type=plant_crowding cell=(1, 5) plants=2 penalty_per_plant=0.50 depleted_plants=0
[simulation_start_ts=1782373988] cell_event type=plant_crowding cell=(1, 5) plants=2 penalty_per_plant=0.50 depleted_plants=0
[simulation_start_ts=1782373988] cell_event type=plant_crowding cell=(1, 5) plants=2 penalty_per_plant=0.50 depleted_plants=0
[simulation_start_ts=1782373988] cell_event type=plant_crowding cell=(1, 5) plants=2 penalty_per_plant=0.50 depleted_plants=0
[simulation_start_ts=1782373988] cell_event type=plant_crowding cell=(1, 5) plants=2 penalty_per_plant=0.50 depleted_plants=0
[simulation_start_ts=1782373988] cell_event type=plant_crowding cell=(1, 5) plants=2 penalty_per_plant=0.50 depleted_plants=0
[simulation_start_ts=1782373988] cell_event type=plant_crowding cell=(1, 5) plants=2 penalty_per_plant=0.50 depleted_plants=0
[simulation_start_ts=1782373988] cell_event type=plant_crowding cell=(1, 5) plants=2 penalty_per_plant=0.50 depleted_plants=0
[simulation_start_ts=1782373988] cell_event type=plant_crowding cell=(1, 5) plants=2 penalty_per_plant=0.50 depleted_plants=0
[simulation_start_ts=1782373988] cell_event type=plant_crowding cell=(1, 5) plants=2 penalty_per_plant=0.50 depleted_plants=0
[simulation_start_ts=1782373988] cell_event type=plant_crowding cell=(1, 5) plants=2 penalty_per_plant=0.50 depleted_plants=0
[simulation_start_ts=1782373988] cell_event type=plant_crowding cell=(1, 5) plants=2 penalty_per_plant=0.50 depleted_plants=0
[simulation_start_ts=1782373988] cell_event type=plant_crowding cell=(1, 5) plants=2 penalty_per_plant=0.50 depleted_plants=0
[simulation_start_ts=1782373988] cell_event type=plant_crowding cell=(1, 5) plants=2 penalty_per_plant=0.50 depleted_plants=0
[simulation_start_ts=1782373988] cell_event type=plant_crowding cell=(1, 5) plants=2 penalty_per_plant=0.50 depleted_plants=0
[simulation_start_ts=1782373988] cell_event type=plant_crowding cell=(1, 5) plants=2 penalty_per_plant=0.50 depleted_plants=0
[simulation_start_ts=1782373988] cell_event type=plant_crowding cell=(1, 5) plants=2 penalty_per_plant=0.50 depleted_plants=0
[simulation_start_ts=1782373988] cell_event type=plant_crowding cell=(1, 5) plants=2 penalty_per_plant=0.50 depleted_plants=0
[simulation_start_ts=1782373988] cell_event type=plant_crowding cell=(1, 5) plants=2 penalty_per_plant=0.50 depleted_plants=0
[simulation_start_ts=1782373988] cell_event type=plant_crowding cell=(1, 5) plants=2 penalty_per_plant=0.50 depleted_plants=0
[simulation_start_ts=1782373988] cell_event type=plant_crowding cell=(1, 5) plants=2 penalty_per_plant=0.50 depleted_plants=0
[simulation_start_ts=1782373988] cell_event type=plant_crowding cell=(1, 5) plants=2 penalty_per_plant=0.50 depleted_plants=2
[simulation_start_ts=1782373988] cell_event type=despawn_plants count=2
[simulation_start_ts=1782373988] animal_despawn reason=starvation spawn_at=0.000 despawn_at=12.222 genome=[-0.41218662, 0.36393523, -0.7092514, -0.41049814, -0.26634836, 0.027170181, -0.8850763, 0.5978775, -0.90866375, -0.6264148, 0.73313475, 0.43429613, -0.49553156, 0.40780807, -0.83810806]
[simulation_start_ts=1782373988] animal_starvation_despawn count=1
[simulation_start_ts=1782373988] plant_spawn source=random x=-120.88 y=-220.71
[simulation_start_ts=1782373988] plant_spawn source=random x=153.83 y=18.35
[simulation_start_ts=1782373988] plant_spawn source=random x=261.55 y=200.46
[simulation_start_ts=1782373988] plant_spawn source=random x=373.82 y=-1.53
[simulation_start_ts=1782373988] plant_spawn source=random x=-207.79 y=61.35
[simulation_start_ts=1782373988] plant_spawn source=random x=184.95 y=50.83
[simulation_start_ts=1782373988] plant_spawn source=random x=30.18 y=158.15
[simulation_start_ts=1782373988] plant_spawn source=random x=-225.02 y=-202.91
[simulation_start_ts=1782373988] cell_event type=plant_crowding cell=(3, 0) plants=2 penalty_per_plant=0.50 depleted_plants=0
[simulation_start_ts=1782373988] cell_event type=plant_crowding cell=(3, 0) plants=2 penalty_per_plant=0.50 depleted_plants=0
[simulation_start_ts=1782373988] cell_event type=plant_crowding cell=(3, 0) plants=2 penalty_per_plant=0.50 depleted_plants=0
[simulation_start_ts=1782373988] cell_event type=plant_crowding cell=(3, 0) plants=2 penalty_per_plant=0.50 depleted_plants=0
[simulation_start_ts=1782373988] plant_spawn source=random x=200.41 y=-27.45
[simulation_start_ts=1782373988] plant_spawn source=random x=161.67 y=61.17
[simulation_start_ts=1782373988] cell_event type=plant_crowding cell=(3, 0) plants=2 penalty_per_plant=0.50 depleted_plants=0
[simulation_start_ts=1782373988] cell_event type=plant_crowding cell=(10, 6) plants=2 penalty_per_plant=0.50 depleted_plants=0
[simulation_start_ts=1782373988] cell_event type=plant_crowding cell=(3, 0) plants=2 penalty_per_plant=0.50 depleted_plants=0
[simulation_start_ts=1782373988] cell_event type=plant_crowding cell=(10, 6) plants=2 penalty_per_plant=0.50 depleted_plants=0
[simulation_start_ts=1782373988] cell_event type=plant_crowding cell=(3, 0) plants=2 penalty_per_plant=0.50 depleted_plants=0
[simulation_start_ts=1782373988] cell_event type=plant_crowding cell=(10, 6) plants=2 penalty_per_plant=0.50 depleted_plants=0
[simulation_start_ts=1782373988] cell_event type=plant_crowding cell=(3, 0) plants=2 penalty_per_plant=0.50 depleted_plants=0
[simulation_start_ts=1782373988] cell_event type=plant_crowding cell=(10, 6) plants=2 penalty_per_plant=0.50 depleted_plants=0
[simulation_start_ts=1782373988] cell_event type=plant_crowding cell=(3, 0) plants=2 penalty_per_plant=0.50 depleted_plants=0
[simulation_start_ts=1782373988] cell_event type=plant_crowding cell=(10, 6) plants=2 penalty_per_plant=0.50 depleted_plants=0
[simulation_start_ts=1782373988] cell_event type=plant_crowding cell=(3, 0) plants=2 penalty_per_plant=0.50 depleted_plants=0
[simulation_start_ts=1782373988] cell_event type=plant_crowding cell=(10, 6) plants=2 penalty_per_plant=0.50 depleted_plants=0
[simulation_start_ts=1782373988] cell_event type=plant_crowding cell=(3, 0) plants=2 penalty_per_plant=0.50 depleted_plants=0
[simulation_start_ts=1782373988] cell_event type=plant_crowding cell=(10, 6) plants=2 penalty_per_plant=0.50 depleted_plants=0
[simulation_start_ts=1782373988] cell_event type=plant_crowding cell=(3, 0) plants=2 penalty_per_plant=0.50 depleted_plants=0
[simulation_start_ts=1782373988] cell_event type=plant_crowding cell=(10, 6) plants=2 penalty_per_plant=0.50 depleted_plants=0
